<?xml version="1.0" encoding="UTF-8"?>
<testng-results skipped="0" failed="0" ignored="0" total="1" passed="1">
  <reporter-output>
    <line>
      <![CDATA[========connection successful=======]]>
    </line>
    <line>
      <![CDATA[TY_PROJ_3004]]>
    </line>
    <line>
      <![CDATA[======connection closed========]]>
    </line>
  </reporter-output>
  <suite name="Default suite" duration-ms="1806" started-at="2022-08-11T11:52:04 IST" finished-at="2022-08-11T11:52:06 IST">
    <groups>
    </groups>
    <test name="Default test" duration-ms="1806" started-at="2022-08-11T11:52:04 IST" finished-at="2022-08-11T11:52:06 IST">
      <class name="BasicCrudOperations.CreateAndValidateInDB">
        <test-method status="PASS" signature="bsConfig()[pri:0, instance:BasicCrudOperations.CreateAndValidateInDB@eb21112]" name="bsConfig" is-config="true" duration-ms="466" started-at="2022-08-11T11:52:04 IST" finished-at="2022-08-11T11:52:04 IST">
          <reporter-output>
            <line>
              <![CDATA[========connection successful=======]]>
            </line>
          </reporter-output>
        </test-method> <!-- bsConfig -->
        <test-method status="PASS" signature="createAndValidateInDB()[pri:0, instance:BasicCrudOperations.CreateAndValidateInDB@eb21112]" name="createAndValidateInDB" duration-ms="1774" started-at="2022-08-11T11:52:04 IST" finished-at="2022-08-11T11:52:06 IST">
          <reporter-output>
            <line>
              <![CDATA[TY_PROJ_3004]]>
            </line>
          </reporter-output>
        </test-method> <!-- createAndValidateInDB -->
        <test-method status="PASS" signature="asConfig()[pri:0, instance:BasicCrudOperations.CreateAndValidateInDB@eb21112]" name="asConfig" is-config="true" duration-ms="8" started-at="2022-08-11T11:52:06 IST" finished-at="2022-08-11T11:52:06 IST">
          <reporter-output>
            <line>
              <![CDATA[======connection closed========]]>
            </line>
          </reporter-output>
        </test-method> <!-- asConfig -->
      </class> <!-- BasicCrudOperations.CreateAndValidateInDB -->
    </test> <!-- Default test -->
  </suite> <!-- Default suite -->
</testng-results>
